<?xml version="1.0" encoding="UTF-8"?>
<!-- Generated by org.testng.reporters.JUnitXMLReporter -->
<testsuite hostname="D4SGH152" failures="0" tests="12" name="Gizmo" time="7.495" errors="0" timestamp="1 Aug 2019 06:19:54 GMT">
  <testcase classname="com.org.learningMaven.smokeTests" name="verifyTitle" time="0.044"/>
  <testcase classname="com.org.learningMaven.smokeTests" name="totalTestTypes" time="0.089"/>
  <testcase classname="com.org.learningMaven.GizmoApplication" name="verifyAlphaValue" time="1.611"/>
  <testcase classname="com.org.learningMaven.GizmoApplication" name="selectCheckbox" time="0.294"/>
  <testcase classname="com.org.learningMaven.GizmoApplication" name="runWithoutTestType" time="1.035"/>
  <testcase classname="com.org.learningMaven.GizmoApplication" name="deSelectTest" time="0.373"/>
  <testcase classname="com.org.learningMaven.GizmoApplication" name="numbersTypeWithReplacement" time="0.23"/>
  <testcase classname="com.org.learningMaven.GizmoApplication" name="numbersTypeWithoutReplacement" time="0.611"/>
  <testcase classname="com.org.learningMaven.GizmoApplication" name="numbersTypeShuffledNumber" time="0.352"/>
  <testcase classname="com.org.learningMaven.GizmoApplication" name="getResult" time="1.82"/>
  <testcase classname="com.org.learningMaven.sanityTests" name="additionInApp" time="0.048"/>
  <testcase classname="com.org.learningMaven.sanityTests" name="ChiSquareTest" time="0.958"/>
</testsuite> <!-- Gizmo -->
