<?xml version="1.0" encoding="UTF-8"?>
<!-- Generated by org.testng.reporters.JUnitXMLReporter -->
<testsuite hostname="D4SGH152" failures="0" tests="8" name="Gizmo2" time="6.442" errors="0" timestamp="1 Aug 2019 07:26:16 GMT">
  <testcase classname="com.org.learningMaven.GizmoApplication" name="verifyAlphaValue" time="1.547"/>
  <testcase classname="com.org.learningMaven.GizmoApplication" name="selectCheckbox" time="0.23"/>
  <testcase classname="com.org.learningMaven.GizmoApplication" name="runWithoutTestType" time="1.018"/>
  <testcase classname="com.org.learningMaven.GizmoApplication" name="deSelectTest" time="0.42"/>
  <testcase classname="com.org.learningMaven.GizmoApplication" name="numbersTypeWithReplacement" time="0.239"/>
  <testcase classname="com.org.learningMaven.GizmoApplication" name="numbersTypeWithoutReplacement" time="0.68"/>
  <testcase classname="com.org.learningMaven.GizmoApplication" name="numbersTypeShuffledNumber" time="0.367"/>
  <testcase classname="com.org.learningMaven.GizmoApplication" name="getResult" time="1.933"/>
</testsuite> <!-- Gizmo2 -->
