<?xml version="1.0" encoding="UTF-8"?>
<testng-results total="12" passed="12" failed="0" skipped="0">
  <reporter-output>
  </reporter-output>
  <suite started-at="2019-08-01T07:26:08Z" name="GizmoAppSuit1" finished-at="2019-08-01T07:26:17Z" duration-ms="9063">
    <groups>
    </groups>
    <test started-at="2019-08-01T07:26:08Z" name="Gizmo1" finished-at="2019-08-01T07:26:10Z" duration-ms="1364">
      <class name="com.org.learningMaven.smokeTests">
        <test-method signature="verifyTitle()[pri:1, instance:com.org.learningMaven.smokeTests@48f2bd5b]" started-at="2019-08-01T12:56:09Z" name="verifyTitle" finished-at="2019-08-01T12:56:10Z" duration-ms="200" status="PASS">
          <reporter-output>
          </reporter-output>
        </test-method> <!-- verifyTitle -->
        <test-method signature="totalTestTypes()[pri:2, instance:com.org.learningMaven.smokeTests@48f2bd5b]" started-at="2019-08-01T12:56:10Z" name="totalTestTypes" finished-at="2019-08-01T12:56:10Z" duration-ms="52" status="PASS">
          <reporter-output>
          </reporter-output>
        </test-method> <!-- totalTestTypes -->
      </class> <!-- com.org.learningMaven.smokeTests -->
    </test> <!-- Gizmo1 -->
    <test started-at="2019-08-01T07:26:10Z" name="Gizmo2" finished-at="2019-08-01T07:26:16Z" duration-ms="6442">
      <class name="com.org.learningMaven.GizmoApplication">
        <test-method signature="verifyAlphaValue()[pri:3, instance:com.org.learningMaven.GizmoApplication@408d971b]" started-at="2019-08-01T12:56:10Z" name="verifyAlphaValue" finished-at="2019-08-01T12:56:11Z" duration-ms="1547" status="PASS">
          <reporter-output>
          </reporter-output>
        </test-method> <!-- verifyAlphaValue -->
        <test-method signature="selectCheckbox()[pri:4, instance:com.org.learningMaven.GizmoApplication@408d971b]" started-at="2019-08-01T12:56:11Z" name="selectCheckbox" finished-at="2019-08-01T12:56:12Z" duration-ms="230" status="PASS">
          <reporter-output>
          </reporter-output>
        </test-method> <!-- selectCheckbox -->
        <test-method signature="runWithoutTestType()[pri:5, instance:com.org.learningMaven.GizmoApplication@408d971b]" started-at="2019-08-01T12:56:12Z" name="runWithoutTestType" finished-at="2019-08-01T12:56:13Z" duration-ms="1018" status="PASS">
          <reporter-output>
          </reporter-output>
        </test-method> <!-- runWithoutTestType -->
        <test-method signature="deSelectTest()[pri:6, instance:com.org.learningMaven.GizmoApplication@408d971b]" started-at="2019-08-01T12:56:13Z" name="deSelectTest" finished-at="2019-08-01T12:56:13Z" duration-ms="420" status="PASS">
          <reporter-output>
          </reporter-output>
        </test-method> <!-- deSelectTest -->
        <test-method signature="numbersTypeWithReplacement()[pri:7, instance:com.org.learningMaven.GizmoApplication@408d971b]" started-at="2019-08-01T12:56:13Z" name="numbersTypeWithReplacement" finished-at="2019-08-01T12:56:13Z" duration-ms="239" status="PASS">
          <reporter-output>
          </reporter-output>
        </test-method> <!-- numbersTypeWithReplacement -->
        <test-method signature="numbersTypeWithoutReplacement()[pri:8, instance:com.org.learningMaven.GizmoApplication@408d971b]" started-at="2019-08-01T12:56:13Z" name="numbersTypeWithoutReplacement" finished-at="2019-08-01T12:56:14Z" duration-ms="680" status="PASS">
          <reporter-output>
          </reporter-output>
        </test-method> <!-- numbersTypeWithoutReplacement -->
        <test-method signature="numbersTypeShuffledNumber()[pri:9, instance:com.org.learningMaven.GizmoApplication@408d971b]" started-at="2019-08-01T12:56:14Z" name="numbersTypeShuffledNumber" finished-at="2019-08-01T12:56:14Z" duration-ms="367" status="PASS">
          <reporter-output>
          </reporter-output>
        </test-method> <!-- numbersTypeShuffledNumber -->
        <test-method signature="getResult()[pri:10, instance:com.org.learningMaven.GizmoApplication@408d971b]" started-at="2019-08-01T12:56:14Z" name="getResult" finished-at="2019-08-01T12:56:16Z" duration-ms="1933" status="PASS">
          <reporter-output>
          </reporter-output>
        </test-method> <!-- getResult -->
      </class> <!-- com.org.learningMaven.GizmoApplication -->
    </test> <!-- Gizmo2 -->
    <test started-at="2019-08-01T07:26:16Z" name="Gizmo3" finished-at="2019-08-01T07:26:17Z" duration-ms="978">
      <class name="com.org.learningMaven.sanityTests">
        <test-method is-config="true" signature="launchApplication()[pri:0, instance:com.org.learningMaven.sanityTests@3c41ed1d]" started-at="2019-08-01T12:55:59Z" name="launchApplication" finished-at="2019-08-01T12:56:08Z" duration-ms="9410" status="PASS">
          <reporter-output>
          </reporter-output>
        </test-method> <!-- launchApplication -->
        <test-method signature="additionInApp()[pri:11, instance:com.org.learningMaven.sanityTests@3c41ed1d]" started-at="2019-08-01T12:56:16Z" name="additionInApp" finished-at="2019-08-01T12:56:16Z" duration-ms="29" status="PASS">
          <reporter-output>
          </reporter-output>
        </test-method> <!-- additionInApp -->
        <test-method signature="ChiSquareTest()[pri:12, instance:com.org.learningMaven.sanityTests@3c41ed1d]" started-at="2019-08-01T12:56:16Z" name="ChiSquareTest" finished-at="2019-08-01T12:56:17Z" duration-ms="948" status="PASS">
          <reporter-output>
          </reporter-output>
        </test-method> <!-- ChiSquareTest -->
        <test-method is-config="true" signature="QuitApplication()[pri:0, instance:com.org.learningMaven.sanityTests@3c41ed1d]" started-at="2019-08-01T12:56:17Z" name="QuitApplication" finished-at="2019-08-01T12:56:18Z" duration-ms="776" status="PASS">
          <reporter-output>
          </reporter-output>
        </test-method> <!-- QuitApplication -->
      </class> <!-- com.org.learningMaven.sanityTests -->
    </test> <!-- Gizmo3 -->
  </suite> <!-- GizmoAppSuit1 -->
</testng-results>
