<?xml version="1.0" encoding="UTF-8"?>
<!-- Generated by org.testng.reporters.JUnitXMLReporter -->
<testsuite hostname="D4SGH152" failures="0" tests="8" name="Regression" time="7.795" errors="0" timestamp="1 Aug 2019 06:50:23 GMT">
  <testcase classname="com.org.learningMaven.GizmoApplication" name="verifyAlphaValue" time="2.702"/>
  <testcase classname="com.org.learningMaven.GizmoApplication" name="selectCheckbox" time="0.288"/>
  <testcase classname="com.org.learningMaven.GizmoApplication" name="runWithoutTestType" time="1.039"/>
  <testcase classname="com.org.learningMaven.GizmoApplication" name="deSelectTest" time="0.457"/>
  <testcase classname="com.org.learningMaven.GizmoApplication" name="numbersTypeWithReplacement" time="0.258"/>
  <testcase classname="com.org.learningMaven.GizmoApplication" name="numbersTypeWithoutReplacement" time="0.762"/>
  <testcase classname="com.org.learningMaven.GizmoApplication" name="numbersTypeShuffledNumber" time="0.397"/>
  <testcase classname="com.org.learningMaven.GizmoApplication" name="getResult" time="1.857"/>
</testsuite> <!-- Regression -->
